mode: set
go-programming/exercises/level-13/word/index.go:9.40,12.23 3 0
go-programming/exercises/level-13/word/index.go:15.2,15.10 1 0
go-programming/exercises/level-13/word/index.go:12.23,14.3 1 0
go-programming/exercises/level-13/word/index.go:19.26,22.2 2 1
go-programming/exercises/level-13/dog/index.go:5.23,7.2 1 1
go-programming/exercises/level-13/dog/index.go:10.26,12.25 2 1
go-programming/exercises/level-13/dog/index.go:15.2,15.14 1 1
go-programming/exercises/level-13/dog/index.go:12.25,14.3 1 1
